{"/Users/codecreator/Documents/Projects/travique_microservices/services/payment-service/controllers/payment.controller.js": {"path":"/Users/codecreator/Documents/Projects/travique_microservices/services/payment-service/controllers/payment.controller.js","statementMap":{"0":{"start":{"line":1,"column":17},"end":{"line":1,"column":45}},"1":{"start":{"line":2,"column":23},"end":{"line":2,"column":61}},"2":{"start":{"line":3,"column":20},"end":{"line":3,"column":52}},"3":{"start":{"line":4,"column":15},"end":{"line":4,"column":41}},"4":{"start":{"line":6,"column":32},"end":{"line":9,"column":1}},"5":{"start":{"line":11,"column":31},"end":{"line":15,"column":1}},"6":{"start":{"line":25,"column":4},"end":{"line":38,"column":5}},"7":{"start":{"line":26,"column":36},"end":{"line":26,"column":44}},"8":{"start":{"line":27,"column":21},"end":{"line":27,"column":32}},"9":{"start":{"line":29,"column":21},"end":{"line":33,"column":8}},"10":{"start":{"line":35,"column":6},"end":{"line":35,"column":80}},"11":{"start":{"line":37,"column":6},"end":{"line":37,"column":18}},"12":{"start":{"line":48,"column":4},"end":{"line":62,"column":5}},"13":{"start":{"line":49,"column":42},"end":{"line":49,"column":50}},"14":{"start":{"line":50,"column":21},"end":{"line":50,"column":32}},"15":{"start":{"line":52,"column":21},"end":{"line":57,"column":8}},"16":{"start":{"line":59,"column":6},"end":{"line":59,"column":86}},"17":{"start":{"line":61,"column":6},"end":{"line":61,"column":18}},"18":{"start":{"line":72,"column":4},"end":{"line":83,"column":5}},"19":{"start":{"line":73,"column":27},"end":{"line":73,"column":35}},"20":{"start":{"line":75,"column":6},"end":{"line":75,"column":87}},"21":{"start":{"line":77,"column":21},"end":{"line":77,"column":75}},"22":{"start":{"line":79,"column":6},"end":{"line":79,"column":85}},"23":{"start":{"line":81,"column":6},"end":{"line":81,"column":67}},"24":{"start":{"line":82,"column":6},"end":{"line":82,"column":40}},"25":{"start":{"line":93,"column":4},"end":{"line":101,"column":5}},"26":{"start":{"line":94,"column":21},"end":{"line":94,"column":31}},"27":{"start":{"line":96,"column":22},"end":{"line":96,"column":63}},"28":{"start":{"line":98,"column":6},"end":{"line":98,"column":88}},"29":{"start":{"line":100,"column":6},"end":{"line":100,"column":18}},"30":{"start":{"line":111,"column":4},"end":{"line":119,"column":5}},"31":{"start":{"line":112,"column":21},"end":{"line":112,"column":31}},"32":{"start":{"line":114,"column":22},"end":{"line":114,"column":60}},"33":{"start":{"line":116,"column":6},"end":{"line":116,"column":80}},"34":{"start":{"line":118,"column":6},"end":{"line":118,"column":18}},"35":{"start":{"line":129,"column":4},"end":{"line":142,"column":5}},"36":{"start":{"line":130,"column":21},"end":{"line":130,"column":32}},"37":{"start":{"line":131,"column":38},"end":{"line":131,"column":47}},"38":{"start":{"line":133,"column":21},"end":{"line":137,"column":8}},"39":{"start":{"line":139,"column":6},"end":{"line":139,"column":86}},"40":{"start":{"line":141,"column":6},"end":{"line":141,"column":18}},"41":{"start":{"line":152,"column":4},"end":{"line":160,"column":5}},"42":{"start":{"line":153,"column":28},"end":{"line":153,"column":38}},"43":{"start":{"line":155,"column":23},"end":{"line":155,"column":75}},"44":{"start":{"line":157,"column":6},"end":{"line":157,"column":91}},"45":{"start":{"line":159,"column":6},"end":{"line":159,"column":18}},"46":{"start":{"line":164,"column":0},"end":{"line":168,"column":2}}},"fnMap":{"0":{"name":"(anonymous_0)","decl":{"start":{"line":24,"column":2},"end":{"line":24,"column":3}},"loc":{"start":{"line":24,"column":38},"end":{"line":39,"column":3}},"line":24},"1":{"name":"(anonymous_1)","decl":{"start":{"line":47,"column":2},"end":{"line":47,"column":3}},"loc":{"start":{"line":47,"column":44},"end":{"line":63,"column":3}},"line":47},"2":{"name":"(anonymous_2)","decl":{"start":{"line":71,"column":2},"end":{"line":71,"column":3}},"loc":{"start":{"line":71,"column":43},"end":{"line":84,"column":3}},"line":71},"3":{"name":"(anonymous_3)","decl":{"start":{"line":92,"column":2},"end":{"line":92,"column":3}},"loc":{"start":{"line":92,"column":41},"end":{"line":102,"column":3}},"line":92},"4":{"name":"(anonymous_4)","decl":{"start":{"line":110,"column":2},"end":{"line":110,"column":3}},"loc":{"start":{"line":110,"column":38},"end":{"line":120,"column":3}},"line":110},"5":{"name":"(anonymous_5)","decl":{"start":{"line":128,"column":2},"end":{"line":128,"column":3}},"loc":{"start":{"line":128,"column":40},"end":{"line":143,"column":3}},"line":128},"6":{"name":"(anonymous_6)","decl":{"start":{"line":151,"column":2},"end":{"line":151,"column":3}},"loc":{"start":{"line":151,"column":45},"end":{"line":161,"column":3}},"line":151}},"branchMap":{},"s":{"0":0,"1":0,"2":0,"3":0,"4":0,"5":0,"6":0,"7":0,"8":0,"9":0,"10":0,"11":0,"12":0,"13":0,"14":0,"15":0,"16":0,"17":0,"18":0,"19":0,"20":0,"21":0,"22":0,"23":0,"24":0,"25":0,"26":0,"27":0,"28":0,"29":0,"30":0,"31":0,"32":0,"33":0,"34":0,"35":0,"36":0,"37":0,"38":0,"39":0,"40":0,"41":0,"42":0,"43":0,"44":0,"45":0,"46":0},"f":{"0":0,"1":0,"2":0,"3":0,"4":0,"5":0,"6":0},"b":{}}
,"/Users/codecreator/Documents/Projects/travique_microservices/services/payment-service/models/payment.model.js": {"path":"/Users/codecreator/Documents/Projects/travique_microservices/services/payment-service/models/payment.model.js","statementMap":{"0":{"start":{"line":1,"column":17},"end":{"line":1,"column":36}},"1":{"start":{"line":3,"column":22},"end":{"line":81,"column":2}},"2":{"start":{"line":77,"column":12},"end":{"line":77,"column":27}},"3":{"start":{"line":78,"column":12},"end":{"line":78,"column":23}},"4":{"start":{"line":83,"column":0},"end":{"line":83,"column":39}},"5":{"start":{"line":84,"column":0},"end":{"line":84,"column":50}},"6":{"start":{"line":86,"column":0},"end":{"line":86,"column":58}}},"fnMap":{"0":{"name":"(anonymous_0)","decl":{"start":{"line":76,"column":19},"end":{"line":76,"column":20}},"loc":{"start":{"line":76,"column":38},"end":{"line":79,"column":9}},"line":76}},"branchMap":{},"s":{"0":1,"1":1,"2":0,"3":0,"4":1,"5":1,"6":1},"f":{"0":0},"b":{},"_coverageSchema":"1a1c01bbd47fc00a2c39e90264f33305004495a9","hash":"7219ad099c0707e966e9d64de5a854e4af175e25"}
,"/Users/codecreator/Documents/Projects/travique_microservices/services/payment-service/routes/payment.route.js": {"path":"/Users/codecreator/Documents/Projects/travique_microservices/services/payment-service/routes/payment.route.js","statementMap":{"0":{"start":{"line":1,"column":16},"end":{"line":1,"column":34}},"1":{"start":{"line":2,"column":79},"end":{"line":2,"column":123}},"2":{"start":{"line":3,"column":25},"end":{"line":3,"column":66}},"3":{"start":{"line":4,"column":21},"end":{"line":4,"column":68}},"4":{"start":{"line":6,"column":15},"end":{"line":6,"column":31}},"5":{"start":{"line":13,"column":0},"end":{"line":19,"column":2}},"6":{"start":{"line":26,"column":0},"end":{"line":32,"column":2}},"7":{"start":{"line":39,"column":0},"end":{"line":42,"column":2}},"8":{"start":{"line":49,"column":0},"end":{"line":53,"column":2}},"9":{"start":{"line":60,"column":0},"end":{"line":64,"column":2}},"10":{"start":{"line":71,"column":0},"end":{"line":75,"column":2}},"11":{"start":{"line":82,"column":0},"end":{"line":86,"column":2}},"12":{"start":{"line":88,"column":0},"end":{"line":88,"column":24}}},"fnMap":{},"branchMap":{},"s":{"0":0,"1":0,"2":0,"3":0,"4":0,"5":0,"6":0,"7":0,"8":0,"9":0,"10":0,"11":0,"12":0},"f":{},"b":{}}
,"/Users/codecreator/Documents/Projects/travique_microservices/services/payment-service/services/midtrans.service.js": {"path":"/Users/codecreator/Documents/Projects/travique_microservices/services/payment-service/services/midtrans.service.js","statementMap":{"0":{"start":{"line":1,"column":23},"end":{"line":1,"column":38}},"1":{"start":{"line":2,"column":15},"end":{"line":2,"column":35}},"2":{"start":{"line":3,"column":15},"end":{"line":3,"column":41}},"3":{"start":{"line":4,"column":31},"end":{"line":4,"column":67}},"4":{"start":{"line":8,"column":4},"end":{"line":16,"column":5}},"5":{"start":{"line":9,"column":32},"end":{"line":9,"column":52}},"6":{"start":{"line":10,"column":6},"end":{"line":10,"column":29}},"7":{"start":{"line":11,"column":6},"end":{"line":11,"column":23}},"8":{"start":{"line":12,"column":6},"end":{"line":12,"column":50}},"9":{"start":{"line":14,"column":6},"end":{"line":14,"column":78}},"10":{"start":{"line":15,"column":6},"end":{"line":15,"column":18}},"11":{"start":{"line":25,"column":4},"end":{"line":61,"column":5}},"12":{"start":{"line":32,"column":10},"end":{"line":32,"column":21}},"13":{"start":{"line":34,"column":24},"end":{"line":48,"column":7}},"14":{"start":{"line":50,"column":23},"end":{"line":50,"column":67}},"15":{"start":{"line":52,"column":6},"end":{"line":52,"column":63}},"16":{"start":{"line":54,"column":6},"end":{"line":57,"column":8}},"17":{"start":{"line":59,"column":6},"end":{"line":59,"column":68}},"18":{"start":{"line":60,"column":6},"end":{"line":60,"column":18}},"19":{"start":{"line":70,"column":4},"end":{"line":102,"column":5}},"20":{"start":{"line":78,"column":10},"end":{"line":78,"column":21}},"21":{"start":{"line":80,"column":24},"end":{"line":88,"column":7}},"22":{"start":{"line":90,"column":6},"end":{"line":92,"column":7}},"23":{"start":{"line":91,"column":8},"end":{"line":91,"column":47}},"24":{"start":{"line":94,"column":23},"end":{"line":94,"column":59}},"25":{"start":{"line":96,"column":6},"end":{"line":96,"column":95}},"26":{"start":{"line":98,"column":6},"end":{"line":98,"column":22}},"27":{"start":{"line":100,"column":6},"end":{"line":100,"column":67}},"28":{"start":{"line":101,"column":6},"end":{"line":101,"column":18}},"29":{"start":{"line":111,"column":4},"end":{"line":120,"column":5}},"30":{"start":{"line":112,"column":23},"end":{"line":112,"column":69}},"31":{"start":{"line":114,"column":6},"end":{"line":114,"column":71}},"32":{"start":{"line":116,"column":6},"end":{"line":116,"column":22}},"33":{"start":{"line":118,"column":6},"end":{"line":118,"column":73}},"34":{"start":{"line":119,"column":6},"end":{"line":119,"column":18}},"35":{"start":{"line":129,"column":4},"end":{"line":145,"column":5}},"36":{"start":{"line":130,"column":29},"end":{"line":130,"column":86}},"37":{"start":{"line":132,"column":6},"end":{"line":132,"column":81}},"38":{"start":{"line":134,"column":6},"end":{"line":141,"column":8}},"39":{"start":{"line":143,"column":6},"end":{"line":143,"column":68}},"40":{"start":{"line":144,"column":6},"end":{"line":144,"column":18}},"41":{"start":{"line":154,"column":4},"end":{"line":163,"column":5}},"42":{"start":{"line":155,"column":23},"end":{"line":155,"column":69}},"43":{"start":{"line":157,"column":6},"end":{"line":157,"column":63}},"44":{"start":{"line":159,"column":6},"end":{"line":159,"column":22}},"45":{"start":{"line":161,"column":6},"end":{"line":161,"column":68}},"46":{"start":{"line":162,"column":6},"end":{"line":162,"column":18}},"47":{"start":{"line":174,"column":4},"end":{"line":188,"column":5}},"48":{"start":{"line":175,"column":24},"end":{"line":178,"column":7}},"49":{"start":{"line":180,"column":23},"end":{"line":180,"column":80}},"50":{"start":{"line":182,"column":6},"end":{"line":182,"column":63}},"51":{"start":{"line":184,"column":6},"end":{"line":184,"column":22}},"52":{"start":{"line":186,"column":6},"end":{"line":186,"column":68}},"53":{"start":{"line":187,"column":6},"end":{"line":187,"column":18}},"54":{"start":{"line":197,"column":22},"end":{"line":197,"column":42}},"55":{"start":{"line":198,"column":21},"end":{"line":198,"column":43}},"56":{"start":{"line":199,"column":4},"end":{"line":199,"column":48}},"57":{"start":{"line":203,"column":0},"end":{"line":203,"column":39}}},"fnMap":{"0":{"name":"(anonymous_0)","decl":{"start":{"line":7,"column":2},"end":{"line":7,"column":3}},"loc":{"start":{"line":7,"column":16},"end":{"line":17,"column":3}},"line":7},"1":{"name":"(anonymous_1)","decl":{"start":{"line":24,"column":2},"end":{"line":24,"column":3}},"loc":{"start":{"line":24,"column":39},"end":{"line":62,"column":3}},"line":24},"2":{"name":"(anonymous_2)","decl":{"start":{"line":69,"column":2},"end":{"line":69,"column":3}},"loc":{"start":{"line":69,"column":39},"end":{"line":103,"column":3}},"line":69},"3":{"name":"(anonymous_3)","decl":{"start":{"line":110,"column":2},"end":{"line":110,"column":3}},"loc":{"start":{"line":110,"column":38},"end":{"line":121,"column":3}},"line":110},"4":{"name":"(anonymous_4)","decl":{"start":{"line":128,"column":2},"end":{"line":128,"column":3}},"loc":{"start":{"line":128,"column":41},"end":{"line":146,"column":3}},"line":128},"5":{"name":"(anonymous_5)","decl":{"start":{"line":153,"column":2},"end":{"line":153,"column":3}},"loc":{"start":{"line":153,"column":35},"end":{"line":164,"column":3}},"line":153},"6":{"name":"(anonymous_6)","decl":{"start":{"line":173,"column":2},"end":{"line":173,"column":3}},"loc":{"start":{"line":173,"column":51},"end":{"line":189,"column":3}},"line":173},"7":{"name":"(anonymous_7)","decl":{"start":{"line":196,"column":2},"end":{"line":196,"column":3}},"loc":{"start":{"line":196,"column":34},"end":{"line":200,"column":3}},"line":196}},"branchMap":{"0":{"loc":{"start":{"line":90,"column":6},"end":{"line":92,"column":7}},"type":"if","locations":[{"start":{"line":90,"column":6},"end":{"line":92,"column":7}},{"start":{},"end":{}}],"line":90},"1":{"loc":{"start":{"line":196,"column":18},"end":{"line":196,"column":32}},"type":"default-arg","locations":[{"start":{"line":196,"column":27},"end":{"line":196,"column":32}}],"line":196}},"s":{"0":2,"1":2,"2":2,"3":2,"4":2,"5":2,"6":2,"7":2,"8":2,"9":0,"10":0,"11":2,"12":2,"13":2,"14":2,"15":2,"16":2,"17":0,"18":0,"19":1,"20":1,"21":1,"22":1,"23":1,"24":1,"25":1,"26":1,"27":0,"28":0,"29":1,"30":1,"31":1,"32":1,"33":0,"34":0,"35":1,"36":1,"37":1,"38":1,"39":0,"40":0,"41":1,"42":1,"43":1,"44":1,"45":0,"46":0,"47":1,"48":1,"49":1,"50":1,"51":1,"52":0,"53":0,"54":2,"55":2,"56":2,"57":2},"f":{"0":2,"1":2,"2":1,"3":1,"4":1,"5":1,"6":1,"7":2},"b":{"0":[1,0],"1":[1]},"_coverageSchema":"1a1c01bbd47fc00a2c39e90264f33305004495a9","hash":"7ade7bf18b446aab917270f675abc13d184b64a2"}
,"/Users/codecreator/Documents/Projects/travique_microservices/services/payment-service/services/payment.service.js": {"path":"/Users/codecreator/Documents/Projects/travique_microservices/services/payment-service/services/payment.service.js","statementMap":{"0":{"start":{"line":1,"column":15},"end":{"line":1,"column":35}},"1":{"start":{"line":2,"column":16},"end":{"line":2,"column":50}},"2":{"start":{"line":3,"column":24},"end":{"line":3,"column":53}},"3":{"start":{"line":4,"column":19},"end":{"line":4,"column":50}},"4":{"start":{"line":5,"column":15},"end":{"line":5,"column":41}},"5":{"start":{"line":7,"column":22},"end":{"line":7,"column":102}},"6":{"start":{"line":16,"column":4},"end":{"line":91,"column":5}},"7":{"start":{"line":17,"column":44},"end":{"line":17,"column":55}},"8":{"start":{"line":19,"column":22},"end":{"line":19,"column":61}},"9":{"start":{"line":21,"column":6},"end":{"line":23,"column":7}},"10":{"start":{"line":22,"column":8},"end":{"line":22,"column":67}},"11":{"start":{"line":25,"column":6},"end":{"line":27,"column":7}},"12":{"start":{"line":26,"column":8},"end":{"line":26,"column":86}},"13":{"start":{"line":29,"column":6},"end":{"line":34,"column":7}},"14":{"start":{"line":30,"column":32},"end":{"line":30,"column":73}},"15":{"start":{"line":31,"column":8},"end":{"line":33,"column":9}},"16":{"start":{"line":32,"column":10},"end":{"line":32,"column":78}},"17":{"start":{"line":36,"column":6},"end":{"line":38,"column":7}},"18":{"start":{"line":37,"column":8},"end":{"line":37,"column":113}},"19":{"start":{"line":40,"column":30},"end":{"line":40,"column":63}},"20":{"start":{"line":42,"column":22},"end":{"line":48,"column":8}},"21":{"start":{"line":50,"column":6},"end":{"line":50,"column":27}},"22":{"start":{"line":52,"column":26},"end":{"line":58,"column":8}},"23":{"start":{"line":60,"column":27},"end":{"line":70,"column":8}},"24":{"start":{"line":72,"column":6},"end":{"line":72,"column":45}},"25":{"start":{"line":73,"column":6},"end":{"line":73,"column":52}},"26":{"start":{"line":74,"column":6},"end":{"line":74,"column":70}},"27":{"start":{"line":76,"column":6},"end":{"line":76,"column":27}},"28":{"start":{"line":78,"column":6},"end":{"line":78,"column":62}},"29":{"start":{"line":80,"column":6},"end":{"line":87,"column":8}},"30":{"start":{"line":89,"column":6},"end":{"line":89,"column":63}},"31":{"start":{"line":90,"column":6},"end":{"line":90,"column":18}},"32":{"start":{"line":100,"column":4},"end":{"line":163,"column":5}},"33":{"start":{"line":101,"column":50},"end":{"line":101,"column":61}},"34":{"start":{"line":103,"column":22},"end":{"line":103,"column":61}},"35":{"start":{"line":105,"column":6},"end":{"line":107,"column":7}},"36":{"start":{"line":106,"column":8},"end":{"line":106,"column":67}},"37":{"start":{"line":109,"column":30},"end":{"line":109,"column":63}},"38":{"start":{"line":111,"column":22},"end":{"line":119,"column":8}},"39":{"start":{"line":121,"column":6},"end":{"line":121,"column":27}},"40":{"start":{"line":123,"column":23},"end":{"line":142,"column":8}},"41":{"start":{"line":144,"column":6},"end":{"line":144,"column":58}},"42":{"start":{"line":145,"column":6},"end":{"line":145,"column":70}},"43":{"start":{"line":146,"column":6},"end":{"line":146,"column":39}},"44":{"start":{"line":148,"column":6},"end":{"line":148,"column":27}},"45":{"start":{"line":150,"column":6},"end":{"line":150,"column":62}},"46":{"start":{"line":152,"column":6},"end":{"line":159,"column":8}},"47":{"start":{"line":161,"column":6},"end":{"line":161,"column":71}},"48":{"start":{"line":162,"column":6},"end":{"line":162,"column":18}},"49":{"start":{"line":172,"column":4},"end":{"line":220,"column":5}},"50":{"start":{"line":173,"column":33},"end":{"line":173,"column":87}},"51":{"start":{"line":175,"column":22},"end":{"line":175,"column":92}},"52":{"start":{"line":177,"column":6},"end":{"line":179,"column":7}},"53":{"start":{"line":178,"column":8},"end":{"line":178,"column":99}},"54":{"start":{"line":181,"column":6},"end":{"line":181,"column":58}},"55":{"start":{"line":182,"column":6},"end":{"line":182,"column":72}},"56":{"start":{"line":183,"column":6},"end":{"line":183,"column":56}},"57":{"start":{"line":184,"column":6},"end":{"line":184,"column":59}},"58":{"start":{"line":185,"column":6},"end":{"line":185,"column":61}},"59":{"start":{"line":187,"column":6},"end":{"line":206,"column":7}},"60":{"start":{"line":190,"column":10},"end":{"line":190,"column":37}},"61":{"start":{"line":191,"column":10},"end":{"line":191,"column":73}},"62":{"start":{"line":192,"column":10},"end":{"line":192,"column":16}},"63":{"start":{"line":194,"column":10},"end":{"line":194,"column":37}},"64":{"start":{"line":195,"column":10},"end":{"line":195,"column":16}},"65":{"start":{"line":199,"column":10},"end":{"line":200,"column":101}},"66":{"start":{"line":201,"column":10},"end":{"line":201,"column":16}},"67":{"start":{"line":204,"column":10},"end":{"line":204,"column":38}},"68":{"start":{"line":205,"column":10},"end":{"line":205,"column":16}},"69":{"start":{"line":208,"column":6},"end":{"line":208,"column":27}},"70":{"start":{"line":210,"column":6},"end":{"line":210,"column":116}},"71":{"start":{"line":212,"column":6},"end":{"line":216,"column":8}},"72":{"start":{"line":218,"column":6},"end":{"line":218,"column":70}},"73":{"start":{"line":219,"column":6},"end":{"line":219,"column":18}},"74":{"start":{"line":229,"column":4},"end":{"line":253,"column":5}},"75":{"start":{"line":230,"column":22},"end":{"line":230,"column":55}},"76":{"start":{"line":232,"column":6},"end":{"line":234,"column":7}},"77":{"start":{"line":233,"column":8},"end":{"line":233,"column":67}},"78":{"start":{"line":236,"column":6},"end":{"line":247,"column":7}},"79":{"start":{"line":237,"column":8},"end":{"line":246,"column":9}},"80":{"start":{"line":238,"column":33},"end":{"line":238,"column":100}},"81":{"start":{"line":240,"column":10},"end":{"line":243,"column":11}},"82":{"start":{"line":241,"column":35},"end":{"line":241,"column":90}},"83":{"start":{"line":242,"column":12},"end":{"line":242,"column":34}},"84":{"start":{"line":245,"column":10},"end":{"line":245,"column":100}},"85":{"start":{"line":249,"column":6},"end":{"line":249,"column":21}},"86":{"start":{"line":251,"column":6},"end":{"line":251,"column":69}},"87":{"start":{"line":252,"column":6},"end":{"line":252,"column":18}},"88":{"start":{"line":263,"column":4},"end":{"line":298,"column":5}},"89":{"start":{"line":264,"column":6},"end":{"line":264,"column":85}},"90":{"start":{"line":265,"column":6},"end":{"line":265,"column":134}},"91":{"start":{"line":266,"column":6},"end":{"line":266,"column":79}},"92":{"start":{"line":267,"column":6},"end":{"line":267,"column":45}},"93":{"start":{"line":269,"column":6},"end":{"line":288,"column":7}},"94":{"start":{"line":272,"column":10},"end":{"line":272,"column":37}},"95":{"start":{"line":273,"column":10},"end":{"line":273,"column":73}},"96":{"start":{"line":274,"column":10},"end":{"line":274,"column":16}},"97":{"start":{"line":276,"column":10},"end":{"line":276,"column":37}},"98":{"start":{"line":277,"column":10},"end":{"line":277,"column":16}},"99":{"start":{"line":281,"column":10},"end":{"line":282,"column":98}},"100":{"start":{"line":283,"column":10},"end":{"line":283,"column":16}},"101":{"start":{"line":286,"column":10},"end":{"line":286,"column":38}},"102":{"start":{"line":287,"column":10},"end":{"line":287,"column":16}},"103":{"start":{"line":290,"column":6},"end":{"line":290,"column":27}},"104":{"start":{"line":292,"column":6},"end":{"line":292,"column":80}},"105":{"start":{"line":294,"column":6},"end":{"line":294,"column":21}},"106":{"start":{"line":296,"column":6},"end":{"line":296,"column":70}},"107":{"start":{"line":297,"column":6},"end":{"line":297,"column":18}},"108":{"start":{"line":307,"column":4},"end":{"line":329,"column":5}},"109":{"start":{"line":308,"column":22},"end":{"line":308,"column":55}},"110":{"start":{"line":310,"column":6},"end":{"line":312,"column":7}},"111":{"start":{"line":311,"column":8},"end":{"line":311,"column":67}},"112":{"start":{"line":314,"column":6},"end":{"line":316,"column":7}},"113":{"start":{"line":315,"column":8},"end":{"line":315,"column":62}},"114":{"start":{"line":318,"column":6},"end":{"line":318,"column":71}},"115":{"start":{"line":320,"column":6},"end":{"line":320,"column":34}},"116":{"start":{"line":321,"column":6},"end":{"line":321,"column":27}},"117":{"start":{"line":323,"column":6},"end":{"line":323,"column":51}},"118":{"start":{"line":325,"column":6},"end":{"line":325,"column":21}},"119":{"start":{"line":327,"column":6},"end":{"line":327,"column":64}},"120":{"start":{"line":328,"column":6},"end":{"line":328,"column":18}},"121":{"start":{"line":339,"column":4},"end":{"line":366,"column":5}},"122":{"start":{"line":340,"column":47},"end":{"line":340,"column":54}},"123":{"start":{"line":342,"column":20},"end":{"line":342,"column":30}},"124":{"start":{"line":343,"column":6},"end":{"line":345,"column":7}},"125":{"start":{"line":344,"column":8},"end":{"line":344,"column":30}},"126":{"start":{"line":347,"column":23},"end":{"line":350,"column":21}},"127":{"start":{"line":352,"column":20},"end":{"line":352,"column":55}},"128":{"start":{"line":354,"column":6},"end":{"line":362,"column":8}},"129":{"start":{"line":364,"column":6},"end":{"line":364,"column":68}},"130":{"start":{"line":365,"column":6},"end":{"line":365,"column":18}},"131":{"start":{"line":375,"column":4},"end":{"line":381,"column":5}},"132":{"start":{"line":376,"column":23},"end":{"line":376,"column":80}},"133":{"start":{"line":377,"column":6},"end":{"line":377,"column":22}},"134":{"start":{"line":379,"column":6},"end":{"line":379,"column":74}},"135":{"start":{"line":380,"column":6},"end":{"line":380,"column":18}},"136":{"start":{"line":390,"column":4},"end":{"line":396,"column":5}},"137":{"start":{"line":391,"column":23},"end":{"line":391,"column":76}},"138":{"start":{"line":392,"column":6},"end":{"line":392,"column":27}},"139":{"start":{"line":394,"column":6},"end":{"line":394,"column":70}},"140":{"start":{"line":395,"column":6},"end":{"line":395,"column":18}},"141":{"start":{"line":406,"column":4},"end":{"line":412,"column":5}},"142":{"start":{"line":407,"column":23},"end":{"line":407,"column":101}},"143":{"start":{"line":408,"column":6},"end":{"line":408,"column":27}},"144":{"start":{"line":410,"column":6},"end":{"line":410,"column":71}},"145":{"start":{"line":411,"column":6},"end":{"line":411,"column":18}},"146":{"start":{"line":422,"column":4},"end":{"line":428,"column":5}},"147":{"start":{"line":423,"column":23},"end":{"line":423,"column":97}},"148":{"start":{"line":424,"column":6},"end":{"line":424,"column":27}},"149":{"start":{"line":426,"column":6},"end":{"line":426,"column":70}},"150":{"start":{"line":427,"column":6},"end":{"line":427,"column":18}},"151":{"start":{"line":432,"column":0},"end":{"line":432,"column":38}}},"fnMap":{"0":{"name":"(anonymous_0)","decl":{"start":{"line":15,"column":2},"end":{"line":15,"column":3}},"loc":{"start":{"line":15,"column":35},"end":{"line":92,"column":3}},"line":15},"1":{"name":"(anonymous_1)","decl":{"start":{"line":99,"column":2},"end":{"line":99,"column":3}},"loc":{"start":{"line":99,"column":41},"end":{"line":164,"column":3}},"line":99},"2":{"name":"(anonymous_2)","decl":{"start":{"line":171,"column":2},"end":{"line":171,"column":3}},"loc":{"start":{"line":171,"column":42},"end":{"line":221,"column":3}},"line":171},"3":{"name":"(anonymous_3)","decl":{"start":{"line":228,"column":2},"end":{"line":228,"column":3}},"loc":{"start":{"line":228,"column":36},"end":{"line":254,"column":3}},"line":228},"4":{"name":"(anonymous_4)","decl":{"start":{"line":262,"column":2},"end":{"line":262,"column":3}},"loc":{"start":{"line":262,"column":53},"end":{"line":299,"column":3}},"line":262},"5":{"name":"(anonymous_5)","decl":{"start":{"line":306,"column":2},"end":{"line":306,"column":3}},"loc":{"start":{"line":306,"column":33},"end":{"line":330,"column":3}},"line":306},"6":{"name":"(anonymous_6)","decl":{"start":{"line":338,"column":2},"end":{"line":338,"column":3}},"loc":{"start":{"line":338,"column":46},"end":{"line":367,"column":3}},"line":338},"7":{"name":"(anonymous_7)","decl":{"start":{"line":374,"column":2},"end":{"line":374,"column":3}},"loc":{"start":{"line":374,"column":40},"end":{"line":382,"column":3}},"line":374},"8":{"name":"(anonymous_8)","decl":{"start":{"line":389,"column":2},"end":{"line":389,"column":3}},"loc":{"start":{"line":389,"column":37},"end":{"line":397,"column":3}},"line":389},"9":{"name":"(anonymous_9)","decl":{"start":{"line":405,"column":2},"end":{"line":405,"column":3}},"loc":{"start":{"line":405,"column":51},"end":{"line":413,"column":3}},"line":405},"10":{"name":"(anonymous_10)","decl":{"start":{"line":421,"column":2},"end":{"line":421,"column":3}},"loc":{"start":{"line":421,"column":47},"end":{"line":429,"column":3}},"line":421}},"branchMap":{"0":{"loc":{"start":{"line":21,"column":6},"end":{"line":23,"column":7}},"type":"if","locations":[{"start":{"line":21,"column":6},"end":{"line":23,"column":7}},{"start":{},"end":{}}],"line":21},"1":{"loc":{"start":{"line":25,"column":6},"end":{"line":27,"column":7}},"type":"if","locations":[{"start":{"line":25,"column":6},"end":{"line":27,"column":7}},{"start":{},"end":{}}],"line":25},"2":{"loc":{"start":{"line":29,"column":6},"end":{"line":34,"column":7}},"type":"if","locations":[{"start":{"line":29,"column":6},"end":{"line":34,"column":7}},{"start":{},"end":{}}],"line":29},"3":{"loc":{"start":{"line":31,"column":8},"end":{"line":33,"column":9}},"type":"if","locations":[{"start":{"line":31,"column":8},"end":{"line":33,"column":9}},{"start":{},"end":{}}],"line":31},"4":{"loc":{"start":{"line":31,"column":12},"end":{"line":31,"column":86}},"type":"binary-expr","locations":[{"start":{"line":31,"column":12},"end":{"line":31,"column":27}},{"start":{"line":31,"column":31},"end":{"line":31,"column":86}}],"line":31},"5":{"loc":{"start":{"line":36,"column":6},"end":{"line":38,"column":7}},"type":"if","locations":[{"start":{"line":36,"column":6},"end":{"line":38,"column":7}},{"start":{},"end":{}}],"line":36},"6":{"loc":{"start":{"line":105,"column":6},"end":{"line":107,"column":7}},"type":"if","locations":[{"start":{"line":105,"column":6},"end":{"line":107,"column":7}},{"start":{},"end":{}}],"line":105},"7":{"loc":{"start":{"line":177,"column":6},"end":{"line":179,"column":7}},"type":"if","locations":[{"start":{"line":177,"column":6},"end":{"line":179,"column":7}},{"start":{},"end":{}}],"line":177},"8":{"loc":{"start":{"line":187,"column":6},"end":{"line":206,"column":7}},"type":"switch","locations":[{"start":{"line":188,"column":8},"end":{"line":188,"column":23}},{"start":{"line":189,"column":8},"end":{"line":192,"column":16}},{"start":{"line":193,"column":8},"end":{"line":195,"column":16}},{"start":{"line":196,"column":8},"end":{"line":196,"column":20}},{"start":{"line":197,"column":8},"end":{"line":197,"column":22}},{"start":{"line":198,"column":8},"end":{"line":201,"column":16}},{"start":{"line":202,"column":8},"end":{"line":202,"column":22}},{"start":{"line":203,"column":8},"end":{"line":205,"column":16}}],"line":187},"9":{"loc":{"start":{"line":199,"column":27},"end":{"line":200,"column":100}},"type":"cond-expr","locations":[{"start":{"line":199,"column":77},"end":{"line":199,"column":85}},{"start":{"line":200,"column":26},"end":{"line":200,"column":100}}],"line":199},"10":{"loc":{"start":{"line":200,"column":26},"end":{"line":200,"column":100}},"type":"cond-expr","locations":[{"start":{"line":200,"column":78},"end":{"line":200,"column":88}},{"start":{"line":200,"column":91},"end":{"line":200,"column":100}}],"line":200},"11":{"loc":{"start":{"line":232,"column":6},"end":{"line":234,"column":7}},"type":"if","locations":[{"start":{"line":232,"column":6},"end":{"line":234,"column":7}},{"start":{},"end":{}}],"line":232},"12":{"loc":{"start":{"line":236,"column":6},"end":{"line":247,"column":7}},"type":"if","locations":[{"start":{"line":236,"column":6},"end":{"line":247,"column":7}},{"start":{},"end":{}}],"line":236},"13":{"loc":{"start":{"line":240,"column":10},"end":{"line":243,"column":11}},"type":"if","locations":[{"start":{"line":240,"column":10},"end":{"line":243,"column":11}},{"start":{},"end":{}}],"line":240},"14":{"loc":{"start":{"line":264,"column":30},"end":{"line":264,"column":84}},"type":"binary-expr","locations":[{"start":{"line":264,"column":30},"end":{"line":264,"column":59}},{"start":{"line":264,"column":63},"end":{"line":264,"column":84}}],"line":264},"15":{"loc":{"start":{"line":265,"column":32},"end":{"line":265,"column":133}},"type":"cond-expr","locations":[{"start":{"line":265,"column":66},"end":{"line":265,"column":107}},{"start":{"line":265,"column":110},"end":{"line":265,"column":133}}],"line":265},"16":{"loc":{"start":{"line":266,"column":28},"end":{"line":266,"column":78}},"type":"binary-expr","locations":[{"start":{"line":266,"column":28},"end":{"line":266,"column":55}},{"start":{"line":266,"column":59},"end":{"line":266,"column":78}}],"line":266},"17":{"loc":{"start":{"line":269,"column":6},"end":{"line":288,"column":7}},"type":"switch","locations":[{"start":{"line":270,"column":8},"end":{"line":270,"column":23}},{"start":{"line":271,"column":8},"end":{"line":274,"column":16}},{"start":{"line":275,"column":8},"end":{"line":277,"column":16}},{"start":{"line":278,"column":8},"end":{"line":278,"column":20}},{"start":{"line":279,"column":8},"end":{"line":279,"column":22}},{"start":{"line":280,"column":8},"end":{"line":283,"column":16}},{"start":{"line":284,"column":8},"end":{"line":284,"column":22}},{"start":{"line":285,"column":8},"end":{"line":287,"column":16}}],"line":269},"18":{"loc":{"start":{"line":281,"column":27},"end":{"line":282,"column":97}},"type":"cond-expr","locations":[{"start":{"line":281,"column":74},"end":{"line":281,"column":82}},{"start":{"line":282,"column":26},"end":{"line":282,"column":97}}],"line":281},"19":{"loc":{"start":{"line":282,"column":26},"end":{"line":282,"column":97}},"type":"cond-expr","locations":[{"start":{"line":282,"column":75},"end":{"line":282,"column":85}},{"start":{"line":282,"column":88},"end":{"line":282,"column":97}}],"line":282},"20":{"loc":{"start":{"line":310,"column":6},"end":{"line":312,"column":7}},"type":"if","locations":[{"start":{"line":310,"column":6},"end":{"line":312,"column":7}},{"start":{},"end":{}}],"line":310},"21":{"loc":{"start":{"line":314,"column":6},"end":{"line":316,"column":7}},"type":"if","locations":[{"start":{"line":314,"column":6},"end":{"line":316,"column":7}},{"start":{},"end":{}}],"line":314},"22":{"loc":{"start":{"line":338,"column":32},"end":{"line":338,"column":44}},"type":"default-arg","locations":[{"start":{"line":338,"column":42},"end":{"line":338,"column":44}}],"line":338},"23":{"loc":{"start":{"line":340,"column":14},"end":{"line":340,"column":22}},"type":"default-arg","locations":[{"start":{"line":340,"column":21},"end":{"line":340,"column":22}}],"line":340},"24":{"loc":{"start":{"line":340,"column":24},"end":{"line":340,"column":34}},"type":"default-arg","locations":[{"start":{"line":340,"column":32},"end":{"line":340,"column":34}}],"line":340},"25":{"loc":{"start":{"line":343,"column":6},"end":{"line":345,"column":7}},"type":"if","locations":[{"start":{"line":343,"column":6},"end":{"line":345,"column":7}},{"start":{},"end":{}}],"line":343}},"s":{"0":1,"1":1,"2":1,"3":1,"4":1,"5":1,"6":2,"7":2,"8":2,"9":0,"10":0,"11":0,"12":0,"13":0,"14":0,"15":0,"16":0,"17":0,"18":0,"19":0,"20":0,"21":0,"22":0,"23":0,"24":0,"25":0,"26":0,"27":0,"28":0,"29":0,"30":2,"31":2,"32":1,"33":1,"34":1,"35":0,"36":0,"37":0,"38":0,"39":0,"40":0,"41":0,"42":0,"43":0,"44":0,"45":0,"46":0,"47":1,"48":1,"49":3,"50":3,"51":3,"52":3,"53":1,"54":2,"55":2,"56":2,"57":2,"58":2,"59":2,"60":1,"61":1,"62":0,"63":0,"64":0,"65":1,"66":1,"67":0,"68":0,"69":1,"70":1,"71":1,"72":2,"73":2,"74":3,"75":3,"76":3,"77":1,"78":2,"79":2,"80":2,"81":2,"82":2,"83":0,"84":2,"85":2,"86":1,"87":1,"88":2,"89":2,"90":2,"91":2,"92":2,"93":2,"94":2,"95":2,"96":0,"97":0,"98":0,"99":0,"100":0,"101":0,"102":0,"103":0,"104":0,"105":0,"106":2,"107":2,"108":2,"109":2,"110":2,"111":0,"112":2,"113":1,"114":1,"115":1,"116":1,"117":1,"118":1,"119":1,"120":1,"121":1,"122":1,"123":1,"124":1,"125":1,"126":1,"127":0,"128":0,"129":1,"130":1,"131":1,"132":1,"133":0,"134":1,"135":1,"136":3,"137":3,"138":3,"139":3,"140":3,"141":0,"142":0,"143":0,"144":0,"145":0,"146":3,"147":3,"148":3,"149":3,"150":3,"151":1},"f":{"0":2,"1":1,"2":3,"3":3,"4":2,"5":2,"6":1,"7":1,"8":3,"9":0,"10":3},"b":{"0":[0,0],"1":[0,0],"2":[0,0],"3":[0,0],"4":[0,0],"5":[0,0],"6":[0,0],"7":[1,2],"8":[0,1,0,1,1,1,0,0],"9":[1,0],"10":[0,0],"11":[1,2],"12":[2,0],"13":[2,0],"14":[2,0],"15":[0,2],"16":[2,0],"17":[0,2,0,0,0,0,0,0],"18":[0,0],"19":[0,0],"20":[0,2],"21":[1,1],"22":[0],"23":[0],"24":[0],"25":[1,0]},"_coverageSchema":"1a1c01bbd47fc00a2c39e90264f33305004495a9","hash":"6c09f73ed10fd1cad7eeb4f5c229f68aeb312af4"}
,"/Users/codecreator/Documents/Projects/travique_microservices/services/payment-service/utils/api.response.js": {"path":"/Users/codecreator/Documents/Projects/travique_microservices/services/payment-service/utils/api.response.js","statementMap":{"0":{"start":{"line":3,"column":6},"end":{"line":7,"column":9}},"1":{"start":{"line":11,"column":6},"end":{"line":15,"column":9}},"2":{"start":{"line":19,"column":6},"end":{"line":19,"column":51}},"3":{"start":{"line":23,"column":6},"end":{"line":23,"column":51}},"4":{"start":{"line":27,"column":6},"end":{"line":27,"column":51}},"5":{"start":{"line":31,"column":6},"end":{"line":31,"column":51}},"6":{"start":{"line":35,"column":6},"end":{"line":35,"column":51}},"7":{"start":{"line":39,"column":2},"end":{"line":39,"column":31}}},"fnMap":{"0":{"name":"(anonymous_0)","decl":{"start":{"line":2,"column":4},"end":{"line":2,"column":5}},"loc":{"start":{"line":2,"column":76},"end":{"line":8,"column":5}},"line":2},"1":{"name":"(anonymous_1)","decl":{"start":{"line":10,"column":4},"end":{"line":10,"column":5}},"loc":{"start":{"line":10,"column":86},"end":{"line":16,"column":5}},"line":10},"2":{"name":"(anonymous_2)","decl":{"start":{"line":18,"column":4},"end":{"line":18,"column":5}},"loc":{"start":{"line":18,"column":80},"end":{"line":20,"column":5}},"line":18},"3":{"name":"(anonymous_3)","decl":{"start":{"line":22,"column":4},"end":{"line":22,"column":5}},"loc":{"start":{"line":22,"column":67},"end":{"line":24,"column":5}},"line":22},"4":{"name":"(anonymous_4)","decl":{"start":{"line":26,"column":4},"end":{"line":26,"column":5}},"loc":{"start":{"line":26,"column":70},"end":{"line":28,"column":5}},"line":26},"5":{"name":"(anonymous_5)","decl":{"start":{"line":30,"column":4},"end":{"line":30,"column":5}},"loc":{"start":{"line":30,"column":64},"end":{"line":32,"column":5}},"line":30},"6":{"name":"(anonymous_6)","decl":{"start":{"line":34,"column":4},"end":{"line":34,"column":5}},"loc":{"start":{"line":34,"column":72},"end":{"line":36,"column":5}},"line":34}},"branchMap":{"0":{"loc":{"start":{"line":2,"column":24},"end":{"line":2,"column":35}},"type":"default-arg","locations":[{"start":{"line":2,"column":31},"end":{"line":2,"column":35}}],"line":2},"1":{"loc":{"start":{"line":2,"column":37},"end":{"line":2,"column":56}},"type":"default-arg","locations":[{"start":{"line":2,"column":47},"end":{"line":2,"column":56}}],"line":2},"2":{"loc":{"start":{"line":2,"column":58},"end":{"line":2,"column":74}},"type":"default-arg","locations":[{"start":{"line":2,"column":71},"end":{"line":2,"column":74}}],"line":2},"3":{"loc":{"start":{"line":10,"column":22},"end":{"line":10,"column":51}},"type":"default-arg","locations":[{"start":{"line":10,"column":32},"end":{"line":10,"column":51}}],"line":10},"4":{"loc":{"start":{"line":10,"column":53},"end":{"line":10,"column":69}},"type":"default-arg","locations":[{"start":{"line":10,"column":66},"end":{"line":10,"column":69}}],"line":10},"5":{"loc":{"start":{"line":10,"column":71},"end":{"line":10,"column":84}},"type":"default-arg","locations":[{"start":{"line":10,"column":80},"end":{"line":10,"column":84}}],"line":10},"6":{"loc":{"start":{"line":18,"column":24},"end":{"line":18,"column":35}},"type":"default-arg","locations":[{"start":{"line":18,"column":31},"end":{"line":18,"column":35}}],"line":18},"7":{"loc":{"start":{"line":18,"column":37},"end":{"line":18,"column":78}},"type":"default-arg","locations":[{"start":{"line":18,"column":47},"end":{"line":18,"column":78}}],"line":18},"8":{"loc":{"start":{"line":22,"column":27},"end":{"line":22,"column":50}},"type":"default-arg","locations":[{"start":{"line":22,"column":37},"end":{"line":22,"column":50}}],"line":22},"9":{"loc":{"start":{"line":22,"column":52},"end":{"line":22,"column":65}},"type":"default-arg","locations":[{"start":{"line":22,"column":61},"end":{"line":22,"column":65}}],"line":22},"10":{"loc":{"start":{"line":26,"column":29},"end":{"line":26,"column":53}},"type":"default-arg","locations":[{"start":{"line":26,"column":39},"end":{"line":26,"column":53}}],"line":26},"11":{"loc":{"start":{"line":26,"column":55},"end":{"line":26,"column":68}},"type":"default-arg","locations":[{"start":{"line":26,"column":64},"end":{"line":26,"column":68}}],"line":26},"12":{"loc":{"start":{"line":30,"column":26},"end":{"line":30,"column":47}},"type":"default-arg","locations":[{"start":{"line":30,"column":36},"end":{"line":30,"column":47}}],"line":30},"13":{"loc":{"start":{"line":30,"column":49},"end":{"line":30,"column":62}},"type":"default-arg","locations":[{"start":{"line":30,"column":58},"end":{"line":30,"column":62}}],"line":30},"14":{"loc":{"start":{"line":34,"column":25},"end":{"line":34,"column":55}},"type":"default-arg","locations":[{"start":{"line":34,"column":35},"end":{"line":34,"column":55}}],"line":34},"15":{"loc":{"start":{"line":34,"column":57},"end":{"line":34,"column":70}},"type":"default-arg","locations":[{"start":{"line":34,"column":66},"end":{"line":34,"column":70}}],"line":34}},"s":{"0":3,"1":6,"2":1,"3":1,"4":1,"5":1,"6":1,"7":1},"f":{"0":3,"1":6,"2":1,"3":1,"4":1,"5":1,"6":1},"b":{"0":[1],"1":[1],"2":[1],"3":[1],"4":[1],"5":[1],"6":[0],"7":[1],"8":[0],"9":[0],"10":[1],"11":[1],"12":[1],"13":[1],"14":[0],"15":[1]},"_coverageSchema":"1a1c01bbd47fc00a2c39e90264f33305004495a9","hash":"e093b71df9a04865c65fc6301af006a3aafa4d8d"}
,"/Users/codecreator/Documents/Projects/travique_microservices/services/payment-service/utils/http.client.js": {"path":"/Users/codecreator/Documents/Projects/travique_microservices/services/payment-service/utils/http.client.js","statementMap":{"0":{"start":{"line":1,"column":14},"end":{"line":1,"column":30}},"1":{"start":{"line":2,"column":15},"end":{"line":2,"column":34}},"2":{"start":{"line":6,"column":4},"end":{"line":13,"column":7}},"3":{"start":{"line":15,"column":4},"end":{"line":29,"column":6}},"4":{"start":{"line":17,"column":8},"end":{"line":22,"column":11}},"5":{"start":{"line":23,"column":8},"end":{"line":23,"column":22}},"6":{"start":{"line":26,"column":8},"end":{"line":26,"column":50}},"7":{"start":{"line":27,"column":8},"end":{"line":27,"column":37}},"8":{"start":{"line":31,"column":4},"end":{"line":50,"column":6}},"9":{"start":{"line":33,"column":8},"end":{"line":33,"column":120}},"10":{"start":{"line":34,"column":8},"end":{"line":34,"column":29}},"11":{"start":{"line":37,"column":8},"end":{"line":47,"column":9}},"12":{"start":{"line":38,"column":10},"end":{"line":40,"column":13}},"13":{"start":{"line":41,"column":15},"end":{"line":47,"column":9}},"14":{"start":{"line":42,"column":10},"end":{"line":44,"column":13}},"15":{"start":{"line":46,"column":10},"end":{"line":46,"column":52}},"16":{"start":{"line":48,"column":8},"end":{"line":48,"column":37}},"17":{"start":{"line":54,"column":4},"end":{"line":54,"column":55}},"18":{"start":{"line":58,"column":4},"end":{"line":58,"column":54}},"19":{"start":{"line":62,"column":4},"end":{"line":62,"column":53}},"20":{"start":{"line":66,"column":4},"end":{"line":66,"column":55}},"21":{"start":{"line":70,"column":4},"end":{"line":70,"column":50}},"22":{"start":{"line":74,"column":0},"end":{"line":74,"column":28}}},"fnMap":{"0":{"name":"(anonymous_0)","decl":{"start":{"line":5,"column":2},"end":{"line":5,"column":3}},"loc":{"start":{"line":5,"column":53},"end":{"line":51,"column":3}},"line":5},"1":{"name":"(anonymous_1)","decl":{"start":{"line":16,"column":6},"end":{"line":16,"column":7}},"loc":{"start":{"line":16,"column":18},"end":{"line":24,"column":7}},"line":16},"2":{"name":"(anonymous_2)","decl":{"start":{"line":25,"column":6},"end":{"line":25,"column":7}},"loc":{"start":{"line":25,"column":17},"end":{"line":28,"column":7}},"line":25},"3":{"name":"(anonymous_3)","decl":{"start":{"line":32,"column":6},"end":{"line":32,"column":7}},"loc":{"start":{"line":32,"column":20},"end":{"line":35,"column":7}},"line":32},"4":{"name":"(anonymous_4)","decl":{"start":{"line":36,"column":6},"end":{"line":36,"column":7}},"loc":{"start":{"line":36,"column":17},"end":{"line":49,"column":7}},"line":36},"5":{"name":"(anonymous_5)","decl":{"start":{"line":53,"column":2},"end":{"line":53,"column":3}},"loc":{"start":{"line":53,"column":44},"end":{"line":55,"column":3}},"line":53},"6":{"name":"(anonymous_6)","decl":{"start":{"line":57,"column":2},"end":{"line":57,"column":3}},"loc":{"start":{"line":57,"column":43},"end":{"line":59,"column":3}},"line":57},"7":{"name":"(anonymous_7)","decl":{"start":{"line":61,"column":2},"end":{"line":61,"column":3}},"loc":{"start":{"line":61,"column":42},"end":{"line":63,"column":3}},"line":61},"8":{"name":"(anonymous_8)","decl":{"start":{"line":65,"column":2},"end":{"line":65,"column":3}},"loc":{"start":{"line":65,"column":44},"end":{"line":67,"column":3}},"line":65},"9":{"name":"(anonymous_9)","decl":{"start":{"line":69,"column":2},"end":{"line":69,"column":3}},"loc":{"start":{"line":69,"column":34},"end":{"line":71,"column":3}},"line":69}},"branchMap":{"0":{"loc":{"start":{"line":5,"column":23},"end":{"line":5,"column":37}},"type":"default-arg","locations":[{"start":{"line":5,"column":33},"end":{"line":5,"column":37}}],"line":5},"1":{"loc":{"start":{"line":5,"column":39},"end":{"line":5,"column":51}},"type":"default-arg","locations":[{"start":{"line":5,"column":49},"end":{"line":5,"column":51}}],"line":5},"2":{"loc":{"start":{"line":37,"column":8},"end":{"line":47,"column":9}},"type":"if","locations":[{"start":{"line":37,"column":8},"end":{"line":47,"column":9}},{"start":{"line":41,"column":15},"end":{"line":47,"column":9}}],"line":37},"3":{"loc":{"start":{"line":41,"column":15},"end":{"line":47,"column":9}},"type":"if","locations":[{"start":{"line":41,"column":15},"end":{"line":47,"column":9}},{"start":{"line":45,"column":15},"end":{"line":47,"column":9}}],"line":41},"4":{"loc":{"start":{"line":53,"column":17},"end":{"line":53,"column":28}},"type":"default-arg","locations":[{"start":{"line":53,"column":26},"end":{"line":53,"column":28}}],"line":53},"5":{"loc":{"start":{"line":53,"column":30},"end":{"line":53,"column":42}},"type":"default-arg","locations":[{"start":{"line":53,"column":40},"end":{"line":53,"column":42}}],"line":53},"6":{"loc":{"start":{"line":57,"column":18},"end":{"line":57,"column":27}},"type":"default-arg","locations":[{"start":{"line":57,"column":25},"end":{"line":57,"column":27}}],"line":57},"7":{"loc":{"start":{"line":57,"column":29},"end":{"line":57,"column":41}},"type":"default-arg","locations":[{"start":{"line":57,"column":39},"end":{"line":57,"column":41}}],"line":57},"8":{"loc":{"start":{"line":61,"column":17},"end":{"line":61,"column":26}},"type":"default-arg","locations":[{"start":{"line":61,"column":24},"end":{"line":61,"column":26}}],"line":61},"9":{"loc":{"start":{"line":61,"column":28},"end":{"line":61,"column":40}},"type":"default-arg","locations":[{"start":{"line":61,"column":38},"end":{"line":61,"column":40}}],"line":61},"10":{"loc":{"start":{"line":65,"column":19},"end":{"line":65,"column":28}},"type":"default-arg","locations":[{"start":{"line":65,"column":26},"end":{"line":65,"column":28}}],"line":65},"11":{"loc":{"start":{"line":65,"column":30},"end":{"line":65,"column":42}},"type":"default-arg","locations":[{"start":{"line":65,"column":40},"end":{"line":65,"column":42}}],"line":65},"12":{"loc":{"start":{"line":69,"column":20},"end":{"line":69,"column":32}},"type":"default-arg","locations":[{"start":{"line":69,"column":30},"end":{"line":69,"column":32}}],"line":69}},"s":{"0":1,"1":1,"2":0,"3":0,"4":0,"5":0,"6":0,"7":0,"8":0,"9":0,"10":0,"11":0,"12":0,"13":0,"14":0,"15":0,"16":0,"17":0,"18":0,"19":0,"20":0,"21":0,"22":1},"f":{"0":0,"1":0,"2":0,"3":0,"4":0,"5":0,"6":0,"7":0,"8":0,"9":0},"b":{"0":[0],"1":[0],"2":[0,0],"3":[0,0],"4":[0],"5":[0],"6":[0],"7":[0],"8":[0],"9":[0],"10":[0],"11":[0],"12":[0]},"_coverageSchema":"1a1c01bbd47fc00a2c39e90264f33305004495a9","hash":"9f3466ccfd2d243cf25ce59255b3828dd78b7b05"}
,"/Users/codecreator/Documents/Projects/travique_microservices/services/payment-service/utils/logger.js": {"path":"/Users/codecreator/Documents/Projects/travique_microservices/services/payment-service/utils/logger.js","statementMap":{"0":{"start":{"line":1,"column":16},"end":{"line":1,"column":34}},"1":{"start":{"line":2,"column":15},"end":{"line":2,"column":35}},"2":{"start":{"line":4,"column":49},"end":{"line":4,"column":63}},"3":{"start":{"line":6,"column":18},"end":{"line":10,"column":2}},"4":{"start":{"line":7,"column":2},"end":{"line":9,"column":5}},"5":{"start":{"line":12,"column":15},"end":{"line":39,"column":2}},"6":{"start":{"line":41,"column":0},"end":{"line":43,"column":2}},"7":{"start":{"line":42,"column":22},"end":{"line":42,"column":49}},"8":{"start":{"line":45,"column":0},"end":{"line":45,"column":24}}},"fnMap":{"0":{"name":"(anonymous_0)","decl":{"start":{"line":6,"column":25},"end":{"line":6,"column":26}},"loc":{"start":{"line":6,"column":69},"end":{"line":10,"column":1}},"line":6},"1":{"name":"(anonymous_1)","decl":{"start":{"line":42,"column":9},"end":{"line":42,"column":10}},"loc":{"start":{"line":42,"column":22},"end":{"line":42,"column":49}},"line":42}},"branchMap":{"0":{"loc":{"start":{"line":8,"column":4},"end":{"line":8,"column":65}},"type":"cond-expr","locations":[{"start":{"line":8,"column":31},"end":{"line":8,"column":60}},{"start":{"line":8,"column":63},"end":{"line":8,"column":65}}],"line":8}},"s":{"0":5,"1":5,"2":5,"3":5,"4":34,"5":5,"6":5,"7":0,"8":5},"f":{"0":34,"1":0},"b":{"0":[0,34]},"_coverageSchema":"1a1c01bbd47fc00a2c39e90264f33305004495a9","hash":"90edfa813bf7990539ebeba577b156051d1f4e50"}
}
