TN:
SF:controllers/payment.controller.js
FN:24,(anonymous_0)
FN:47,(anonymous_1)
FN:71,(anonymous_2)
FN:92,(anonymous_3)
FN:110,(anonymous_4)
FN:128,(anonymous_5)
FN:151,(anonymous_6)
FNF:7
FNH:0
FNDA:0,(anonymous_0)
FNDA:0,(anonymous_1)
FNDA:0,(anonymous_2)
FNDA:0,(anonymous_3)
FNDA:0,(anonymous_4)
FNDA:0,(anonymous_5)
FNDA:0,(anonymous_6)
DA:1,0
DA:2,0
DA:3,0
DA:4,0
DA:6,0
DA:11,0
DA:25,0
DA:26,0
DA:27,0
DA:29,0
DA:35,0
DA:37,0
DA:48,0
DA:49,0
DA:50,0
DA:52,0
DA:59,0
DA:61,0
DA:72,0
DA:73,0
DA:75,0
DA:77,0
DA:79,0
DA:81,0
DA:82,0
DA:93,0
DA:94,0
DA:96,0
DA:98,0
DA:100,0
DA:111,0
DA:112,0
DA:114,0
DA:116,0
DA:118,0
DA:129,0
DA:130,0
DA:131,0
DA:133,0
DA:139,0
DA:141,0
DA:152,0
DA:153,0
DA:155,0
DA:157,0
DA:159,0
DA:164,0
LF:47
LH:0
BRF:0
BRH:0
end_of_record
TN:
SF:models/payment.model.js
FN:76,(anonymous_0)
FNF:1
FNH:0
FNDA:0,(anonymous_0)
DA:1,1
DA:3,1
DA:77,0
DA:78,0
DA:83,1
DA:84,1
DA:86,1
LF:7
LH:5
BRF:0
BRH:0
end_of_record
TN:
SF:routes/payment.route.js
FNF:0
FNH:0
DA:1,0
DA:2,0
DA:3,0
DA:4,0
DA:6,0
DA:13,0
DA:26,0
DA:39,0
DA:49,0
DA:60,0
DA:71,0
DA:82,0
DA:88,0
LF:13
LH:0
BRF:0
BRH:0
end_of_record
TN:
SF:services/midtrans.service.js
FN:7,(anonymous_0)
FN:24,(anonymous_1)
FN:69,(anonymous_2)
FN:110,(anonymous_3)
FN:128,(anonymous_4)
FN:153,(anonymous_5)
FN:173,(anonymous_6)
FN:196,(anonymous_7)
FNF:8
FNH:8
FNDA:2,(anonymous_0)
FNDA:2,(anonymous_1)
FNDA:1,(anonymous_2)
FNDA:1,(anonymous_3)
FNDA:1,(anonymous_4)
FNDA:1,(anonymous_5)
FNDA:1,(anonymous_6)
FNDA:2,(anonymous_7)
DA:1,2
DA:2,2
DA:3,2
DA:4,2
DA:8,2
DA:9,2
DA:10,2
DA:11,2
DA:12,2
DA:14,0
DA:15,0
DA:25,2
DA:32,2
DA:34,2
DA:50,2
DA:52,2
DA:54,2
DA:59,0
DA:60,0
DA:70,1
DA:78,1
DA:80,1
DA:90,1
DA:91,1
DA:94,1
DA:96,1
DA:98,1
DA:100,0
DA:101,0
DA:111,1
DA:112,1
DA:114,1
DA:116,1
DA:118,0
DA:119,0
DA:129,1
DA:130,1
DA:132,1
DA:134,1
DA:143,0
DA:144,0
DA:154,1
DA:155,1
DA:157,1
DA:159,1
DA:161,0
DA:162,0
DA:174,1
DA:175,1
DA:180,1
DA:182,1
DA:184,1
DA:186,0
DA:187,0
DA:197,2
DA:198,2
DA:199,2
DA:203,2
LF:58
LH:44
BRDA:90,0,0,1
BRDA:90,0,1,0
BRDA:196,1,0,1
BRF:3
BRH:2
end_of_record
TN:
SF:services/payment.service.js
FN:15,(anonymous_0)
FN:99,(anonymous_1)
FN:171,(anonymous_2)
FN:228,(anonymous_3)
FN:262,(anonymous_4)
FN:306,(anonymous_5)
FN:338,(anonymous_6)
FN:374,(anonymous_7)
FN:389,(anonymous_8)
FN:405,(anonymous_9)
FN:421,(anonymous_10)
FNF:11
FNH:10
FNDA:2,(anonymous_0)
FNDA:1,(anonymous_1)
FNDA:3,(anonymous_2)
FNDA:3,(anonymous_3)
FNDA:2,(anonymous_4)
FNDA:2,(anonymous_5)
FNDA:1,(anonymous_6)
FNDA:1,(anonymous_7)
FNDA:3,(anonymous_8)
FNDA:0,(anonymous_9)
FNDA:3,(anonymous_10)
DA:1,1
DA:2,1
DA:3,1
DA:4,1
DA:5,1
DA:7,1
DA:16,2
DA:17,2
DA:19,2
DA:21,0
DA:22,0
DA:25,0
DA:26,0
DA:29,0
DA:30,0
DA:31,0
DA:32,0
DA:36,0
DA:37,0
DA:40,0
DA:42,0
DA:50,0
DA:52,0
DA:60,0
DA:72,0
DA:73,0
DA:74,0
DA:76,0
DA:78,0
DA:80,0
DA:89,2
DA:90,2
DA:100,1
DA:101,1
DA:103,1
DA:105,0
DA:106,0
DA:109,0
DA:111,0
DA:121,0
DA:123,0
DA:144,0
DA:145,0
DA:146,0
DA:148,0
DA:150,0
DA:152,0
DA:161,1
DA:162,1
DA:172,3
DA:173,3
DA:175,3
DA:177,3
DA:178,1
DA:181,2
DA:182,2
DA:183,2
DA:184,2
DA:185,2
DA:187,2
DA:190,1
DA:191,1
DA:192,0
DA:194,0
DA:195,0
DA:199,1
DA:201,1
DA:204,0
DA:205,0
DA:208,1
DA:210,1
DA:212,1
DA:218,2
DA:219,2
DA:229,3
DA:230,3
DA:232,3
DA:233,1
DA:236,2
DA:237,2
DA:238,2
DA:240,2
DA:241,2
DA:242,0
DA:245,2
DA:249,2
DA:251,1
DA:252,1
DA:263,2
DA:264,2
DA:265,2
DA:266,2
DA:267,2
DA:269,2
DA:272,2
DA:273,2
DA:274,0
DA:276,0
DA:277,0
DA:281,0
DA:283,0
DA:286,0
DA:287,0
DA:290,0
DA:292,0
DA:294,0
DA:296,2
DA:297,2
DA:307,2
DA:308,2
DA:310,2
DA:311,0
DA:314,2
DA:315,1
DA:318,1
DA:320,1
DA:321,1
DA:323,1
DA:325,1
DA:327,1
DA:328,1
DA:339,1
DA:340,1
DA:342,1
DA:343,1
DA:344,1
DA:347,1
DA:352,0
DA:354,0
DA:364,1
DA:365,1
DA:375,1
DA:376,1
DA:377,0
DA:379,1
DA:380,1
DA:390,3
DA:391,3
DA:392,3
DA:394,3
DA:395,3
DA:406,0
DA:407,0
DA:408,0
DA:410,0
DA:411,0
DA:422,3
DA:423,3
DA:424,3
DA:426,3
DA:427,3
DA:432,1
LF:152
LH:94
BRDA:21,0,0,0
BRDA:21,0,1,0
BRDA:25,1,0,0
BRDA:25,1,1,0
BRDA:29,2,0,0
BRDA:29,2,1,0
BRDA:31,3,0,0
BRDA:31,3,1,0
BRDA:31,4,0,0
BRDA:31,4,1,0
BRDA:36,5,0,0
BRDA:36,5,1,0
BRDA:105,6,0,0
BRDA:105,6,1,0
BRDA:177,7,0,1
BRDA:177,7,1,2
BRDA:187,8,0,0
BRDA:187,8,1,1
BRDA:187,8,2,0
BRDA:187,8,3,1
BRDA:187,8,4,1
BRDA:187,8,5,1
BRDA:187,8,6,0
BRDA:187,8,7,0
BRDA:199,9,0,1
BRDA:199,9,1,0
BRDA:200,10,0,0
BRDA:200,10,1,0
BRDA:232,11,0,1
BRDA:232,11,1,2
BRDA:236,12,0,2
BRDA:236,12,1,0
BRDA:240,13,0,2
BRDA:240,13,1,0
BRDA:264,14,0,2
BRDA:264,14,1,0
BRDA:265,15,0,0
BRDA:265,15,1,2
BRDA:266,16,0,2
BRDA:266,16,1,0
BRDA:269,17,0,0
BRDA:269,17,1,2
BRDA:269,17,2,0
BRDA:269,17,3,0
BRDA:269,17,4,0
BRDA:269,17,5,0
BRDA:269,17,6,0
BRDA:269,17,7,0
BRDA:281,18,0,0
BRDA:281,18,1,0
BRDA:282,19,0,0
BRDA:282,19,1,0
BRDA:310,20,0,0
BRDA:310,20,1,2
BRDA:314,21,0,1
BRDA:314,21,1,1
BRDA:338,22,0,0
BRDA:340,23,0,0
BRDA:340,24,0,0
BRDA:343,25,0,1
BRDA:343,25,1,0
BRF:61
BRH:19
end_of_record
TN:
SF:utils/api.response.js
FN:2,(anonymous_0)
FN:10,(anonymous_1)
FN:18,(anonymous_2)
FN:22,(anonymous_3)
FN:26,(anonymous_4)
FN:30,(anonymous_5)
FN:34,(anonymous_6)
FNF:7
FNH:7
FNDA:3,(anonymous_0)
FNDA:6,(anonymous_1)
FNDA:1,(anonymous_2)
FNDA:1,(anonymous_3)
FNDA:1,(anonymous_4)
FNDA:1,(anonymous_5)
FNDA:1,(anonymous_6)
DA:3,3
DA:11,6
DA:19,1
DA:23,1
DA:27,1
DA:31,1
DA:35,1
DA:39,1
LF:8
LH:8
BRDA:2,0,0,1
BRDA:2,1,0,1
BRDA:2,2,0,1
BRDA:10,3,0,1
BRDA:10,4,0,1
BRDA:10,5,0,1
BRDA:18,6,0,0
BRDA:18,7,0,1
BRDA:22,8,0,0
BRDA:22,9,0,0
BRDA:26,10,0,1
BRDA:26,11,0,1
BRDA:30,12,0,1
BRDA:30,13,0,1
BRDA:34,14,0,0
BRDA:34,15,0,1
BRF:16
BRH:12
end_of_record
TN:
SF:utils/http.client.js
FN:5,(anonymous_0)
FN:16,(anonymous_1)
FN:25,(anonymous_2)
FN:32,(anonymous_3)
FN:36,(anonymous_4)
FN:53,(anonymous_5)
FN:57,(anonymous_6)
FN:61,(anonymous_7)
FN:65,(anonymous_8)
FN:69,(anonymous_9)
FNF:10
FNH:0
FNDA:0,(anonymous_0)
FNDA:0,(anonymous_1)
FNDA:0,(anonymous_2)
FNDA:0,(anonymous_3)
FNDA:0,(anonymous_4)
FNDA:0,(anonymous_5)
FNDA:0,(anonymous_6)
FNDA:0,(anonymous_7)
FNDA:0,(anonymous_8)
FNDA:0,(anonymous_9)
DA:1,1
DA:2,1
DA:6,0
DA:15,0
DA:17,0
DA:23,0
DA:26,0
DA:27,0
DA:31,0
DA:33,0
DA:34,0
DA:37,0
DA:38,0
DA:41,0
DA:42,0
DA:46,0
DA:48,0
DA:54,0
DA:58,0
DA:62,0
DA:66,0
DA:70,0
DA:74,1
LF:23
LH:3
BRDA:5,0,0,0
BRDA:5,1,0,0
BRDA:37,2,0,0
BRDA:37,2,1,0
BRDA:41,3,0,0
BRDA:41,3,1,0
BRDA:53,4,0,0
BRDA:53,5,0,0
BRDA:57,6,0,0
BRDA:57,7,0,0
BRDA:61,8,0,0
BRDA:61,9,0,0
BRDA:65,10,0,0
BRDA:65,11,0,0
BRDA:69,12,0,0
BRF:15
BRH:0
end_of_record
TN:
SF:utils/logger.js
FN:6,(anonymous_0)
FN:42,(anonymous_1)
FNF:2
FNH:1
FNDA:34,(anonymous_0)
FNDA:0,(anonymous_1)
DA:1,5
DA:2,5
DA:4,5
DA:6,5
DA:7,34
DA:12,5
DA:41,5
DA:42,0
DA:45,5
LF:9
LH:8
BRDA:8,0,0,0
BRDA:8,0,1,34
BRF:2
BRH:1
end_of_record
